C:\USERS\AG\DOCUMENTS\VISUAL STUDIO 2012\PROJECTS\NUMB3RS\NUMB3RS\DEBUG\MAIN.OBJ
C:\USERS\AG\DOCUMENTS\VISUAL STUDIO 2012\PROJECTS\NUMB3RS\NUMB3RS\DEBUG\VC110.PDB
C:\USERS\AG\DOCUMENTS\VISUAL STUDIO 2012\PROJECTS\NUMB3RS\NUMB3RS\DEBUG\.NETFRAMEWORK,VERSION=V4.0.ASSEMBLYATTRIBUTES.OBJ
C:\USERS\AG\DOCUMENTS\VISUAL STUDIO 2012\PROJECTS\NUMB3RS\DEBUG\NUMB3RS.ILK
C:\USERS\AG\DOCUMENTS\VISUAL STUDIO 2012\PROJECTS\NUMB3RS\DEBUG\NUMB3RS.EXE
C:\USERS\AG\DOCUMENTS\VISUAL STUDIO 2012\PROJECTS\NUMB3RS\DEBUG\NUMB3RS.PDB
C:\Users\AG\documents\visual studio 2012\Projects\NUMB3RS\NUMB3RS\Debug\NUMB3RS.vcxprojResolveAssemblyReference.cache
C:\Users\AG\documents\visual studio 2012\Projects\NUMB3RS\NUMB3RS\Debug\.NETFramework,Version=v4.0.AssemblyAttributes.obj
C:\Users\AG\documents\visual studio 2012\Projects\NUMB3RS\NUMB3RS\Debug\main.obj
C:\Users\AG\documents\visual studio 2012\Projects\NUMB3RS\NUMB3RS\Debug\cl.command.1.tlog
C:\Users\AG\documents\visual studio 2012\Projects\NUMB3RS\NUMB3RS\Debug\CL.read.1.tlog
C:\Users\AG\documents\visual studio 2012\Projects\NUMB3RS\NUMB3RS\Debug\CL.write.1.tlog
C:\Users\AG\documents\visual studio 2012\Projects\NUMB3RS\NUMB3RS\Debug\link.6204-cvtres.read.1.tlog
C:\Users\AG\documents\visual studio 2012\Projects\NUMB3RS\NUMB3RS\Debug\link.6204-cvtres.write.1.tlog
C:\Users\AG\documents\visual studio 2012\Projects\NUMB3RS\NUMB3RS\Debug\link.6204-rc.read.1.tlog
C:\Users\AG\documents\visual studio 2012\Projects\NUMB3RS\NUMB3RS\Debug\link.6204-rc.write.1.tlog
C:\Users\AG\documents\visual studio 2012\Projects\NUMB3RS\NUMB3RS\Debug\link.6204.read.1.tlog
C:\Users\AG\documents\visual studio 2012\Projects\NUMB3RS\NUMB3RS\Debug\link.6204.write.1.tlog
C:\Users\AG\documents\visual studio 2012\Projects\NUMB3RS\NUMB3RS\Debug\link.command.1.tlog
C:\Users\AG\documents\visual studio 2012\Projects\NUMB3RS\NUMB3RS\Debug\link.read.1.tlog
C:\Users\AG\documents\visual studio 2012\Projects\NUMB3RS\NUMB3RS\Debug\link.write.1.tlog
C:\Users\AG\documents\visual studio 2012\Projects\NUMB3RS\NUMB3RS\Debug\metagen.read.1.tlog
C:\Users\AG\documents\visual studio 2012\Projects\NUMB3RS\NUMB3RS\Debug\metagen.write.1.tlog
C:\Users\AG\documents\visual studio 2012\Projects\NUMB3RS\NUMB3RS\Debug\vc110.pdb
C:\Users\AG\documents\visual studio 2012\Projects\NUMB3RS\NUMB3RS\Debug\TZRES.DLL.bi
C:\Users\AG\documents\visual studio 2012\Projects\NUMB3RS\Debug\NUMB3RS.pdb
C:\Users\AG\documents\visual studio 2012\Projects\NUMB3RS\Debug\NUMB3RS.exe
C:\Users\AG\documents\visual studio 2012\Projects\NUMB3RS\Debug\NUMB3RS.ilk
